<?xml version="1.0" encoding="utf-8"?><testsuites name="pytest tests"><testsuite name="pytest" errors="0" failures="0" skipped="0" tests="6" time="4.136" timestamp="2026-08-25T18:24:37.509270+00:00" hostname="agent-env-2cd83178-cbc5-46dc-aaec-3df92dfa0f8b"><testcase classname="tests.backend_test.TestMinuteBridge" name="test_overview" time="0.372" /><testcase classname="tests.backend_test.TestLLM" name="test_complete_returns_text" time="2.157" /><testcase classname="tests.backend_test.TestMinuteBridge" name="test_runs" time="0.531" /><testcase classname="tests.backend_test.TestHealth" name="test_health" time="0.079" /><testcase classname="tests.backend_test.TestLLM" name="test_complete_with_system" time="1.257" /><testcase classname="tests.backend_test.TestLLM" name="test_complete_validation_error" time="0.073" /></testsuite></testsuites>